<?xml version="1.0" encoding="UTF-8"?>
<testsuite xmlns:xsi="http://www.w3.org/2001/XMLSchema-instance" xsi:noNamespaceSchemaLocation="https://maven.apache.org/surefire/maven-surefire-plugin/xsd/surefire-test-report.xsd" name="com.blackdiamond.testproducts.TestId" time="0.001" tests="6" errors="0" skipped="0" failures="0">
  <properties>
[...]
</properties>
  <testcase name="testInvalidCleaningID" classname="com.blackdiamond.testproducts.TestId" time="0"/>
  <testcase name="testValidPackageID" classname="com.blackdiamond.testproducts.TestId" time="0.001"/>
  <testcase name="testInvalidPackageID" classname="com.blackdiamond.testproducts.TestId" time="0"/>
  <testcase name="testInvalidDrinkID" classname="com.blackdiamond.testproducts.TestId" time="0"/>
  <testcase name="testValidCleaningID" classname="com.blackdiamond.testproducts.TestId" time="0"/>
  <testcase name="testValidDrinkID" classname="com.blackdiamond.testproducts.TestId" time="0"/>
</testsuite>